
61. Printing statistics.

=== sync_fifo ===

   Number of wires:                587
   Number of wire bits:            617
   Number of public wires:         146
   Number of public wire bits:     176
   Number of memories:               0
   Number of memory bits:            0
   Number of processes:              0
   Number of cells:                597
     sky130_fd_sc_hd__a2111o_2       1
     sky130_fd_sc_hd__a211oi_2       1
     sky130_fd_sc_hd__a21boi_2       2
     sky130_fd_sc_hd__a21o_2         1
     sky130_fd_sc_hd__a21oi_2        1
     sky130_fd_sc_hd__a22o_2         1
     sky130_fd_sc_hd__a2bb2o_2       1
     sky130_fd_sc_hd__a31o_2         1
     sky130_fd_sc_hd__and2_2        18
     sky130_fd_sc_hd__and2b_2        2
     sky130_fd_sc_hd__and3_2         6
     sky130_fd_sc_hd__and3b_2        5
     sky130_fd_sc_hd__and4_2         1
     sky130_fd_sc_hd__and4b_2        1
     sky130_fd_sc_hd__and4bb_2       1
     sky130_fd_sc_hd__buf_1        178
     sky130_fd_sc_hd__dfxtp_2      154
     sky130_fd_sc_hd__inv_2          4
     sky130_fd_sc_hd__mux2_2       160
     sky130_fd_sc_hd__mux4_2        32
     sky130_fd_sc_hd__nand2_2        4
     sky130_fd_sc_hd__nand3_2        1
     sky130_fd_sc_hd__nand4_2        1
     sky130_fd_sc_hd__nor2_2         2
     sky130_fd_sc_hd__nor3b_2        1
     sky130_fd_sc_hd__nor4_2         1
     sky130_fd_sc_hd__o21a_2         1
     sky130_fd_sc_hd__o21ai_2        2
     sky130_fd_sc_hd__o311a_2        1
     sky130_fd_sc_hd__o41a_2         1
     sky130_fd_sc_hd__or2_2          6
     sky130_fd_sc_hd__or3b_2         1
     sky130_fd_sc_hd__or4b_2         1
     sky130_fd_sc_hd__or4bb_2        1
     sky130_fd_sc_hd__xnor2_2        2

   Chip area for module '\sync_fifo': 7094.304000

